<?xml version="1.0" encoding="UTF-8"?>
<Site BuildName="(empty)"
	BuildStamp="20241128-1848-Experimental"
	Name="(empty)"
	Generator="ctest-3.28.3"
	CompilerName=""
	CompilerVersion=""
	OSName="Linux"
	Hostname="DESKTOP-5IDNCV3"
	OSRelease="5.15.167.4-microsoft-standard-WSL2"
	OSVersion="#1 SMP Tue Nov 5 00:21:55 UTC 2024"
	OSPlatform="x86_64"
	Is64Bits="1"
	VendorString="GenuineIntel"
	VendorID="Intel Corporation"
	FamilyID="6"
	ModelID="186"
	ProcessorCacheSize="24576"
	NumberOfLogicalCPU="20"
	NumberOfPhysicalCPU="10"
	TotalVirtualMemory="2048"
	TotalPhysicalMemory="7826"
	LogicalProcessorsPerPhysical="2"
	ProcessorClockFrequency="2918.4"
	>
	<Testing>
		<StartDateTime>Nov 28 21:49 MSK</StartDateTime>
		<StartTestTime>1732819798</StartTestTime>
		<TestList/>
		<EndDateTime>Nov 28 21:49 MSK</EndDateTime>
		<EndTestTime>1732819798</EndTestTime>
		<ElapsedMinutes>0</ElapsedMinutes>
	</Testing>
</Site>
